{"numTotalTestSuites":25,"numPassedTestSuites":25,"numFailedTestSuites":0,"numPendingTestSuites":0,"numTotalTests":90,"numPassedTests":90,"numFailedTests":0,"numPendingTests":0,"numTodoTests":0,"snapshot":{"added":0,"failure":false,"filesAdded":0,"filesRemoved":0,"filesRemovedList":[],"filesUnmatched":0,"filesUpdated":0,"matched":0,"total":0,"unchecked":0,"uncheckedKeysByFile":[],"unmatched":0,"updated":0,"didUpdate":false},"startTime":1770707808523,"success":true,"testResults":[{"assertionResults":[{"ancestorTitles":["Elevator Simulation Logic","A. Initialization & Configuration"],"fullName":"Elevator Simulation Logic A. Initialization & Configuration TC01: Setup - Should initialize with correct number of elevators and zero metrics","status":"passed","title":"TC01: Setup - Should initialize with correct number of elevators and zero metrics","duration":1.1922499999999445,"failureMessages":[],"location":{"line":32,"column":5},"meta":{}},{"ancestorTitles":["Elevator Simulation Logic","A. Initialization & Configuration"],"fullName":"Elevator Simulation Logic A. Initialization & Configuration TC02: Default State - Elevators should start Idle and Closed at Floor 1","status":"passed","title":"TC02: Default State - Elevators should start Idle and Closed at Floor 1","duration":0.20304199999998218,"failureMessages":[],"location":{"line":39,"column":5},"meta":{}},{"ancestorTitles":["Elevator Simulation Logic","A. Initialization & Configuration"],"fullName":"Elevator Simulation Logic A. Initialization & Configuration TC03: Metrics - Should initialize all metrics to zero","status":"passed","title":"TC03: Metrics - Should initialize all metrics to zero","duration":0.1492080000000442,"failureMessages":[],"location":{"line":47,"column":5},"meta":{}},{"ancestorTitles":["Elevator Simulation Logic","A. Initialization & Configuration"],"fullName":"Elevator Simulation Logic A. Initialization & Configuration TC04: Config Change - Should update state when configuration changes (e.g., more elevators)","status":"passed","title":"TC04: Config Change - Should update state when configuration changes (e.g., more elevators)","duration":0.28966700000000856,"failureMessages":[],"location":{"line":53,"column":5},"meta":{}},{"ancestorTitles":["Elevator Simulation Logic","A. Initialization & Configuration"],"fullName":"Elevator Simulation Logic A. Initialization & Configuration TC05: Mode Switching - Should handle simulation mode updates without crashing","status":"passed","title":"TC05: Mode Switching - Should handle simulation mode updates without crashing","duration":0.47037499999999,"failureMessages":[],"location":{"line":61,"column":5},"meta":{}},{"ancestorTitles":["Elevator Simulation Logic","B. Request Management"],"fullName":"Elevator Simulation Logic B. Request Management TC06: Hall Call - Should add a hall call to the pending queue","status":"passed","title":"TC06: Hall Call - Should add a hall call to the pending queue","duration":0.34920899999997346,"failureMessages":[],"location":{"line":74,"column":5},"meta":{}},{"ancestorTitles":["Elevator Simulation Logic","B. Request Management"],"fullName":"Elevator Simulation Logic B. Request Management TC07: Car Call - Should immediately assign car calls to the specific elevator","status":"passed","title":"TC07: Car Call - Should immediately assign car calls to the specific elevator","duration":0.5083329999999933,"failureMessages":[],"location":{"line":81,"column":5},"meta":{}},{"ancestorTitles":["Elevator Simulation Logic","B. Request Management"],"fullName":"Elevator Simulation Logic B. Request Management TC08: Idempotency - Should handle duplicate hall calls without crashing (Check duplicates allowed)","status":"passed","title":"TC08: Idempotency - Should handle duplicate hall calls without crashing (Check duplicates allowed)","duration":0.18462499999998272,"failureMessages":[],"location":{"line":92,"column":5},"meta":{}},{"ancestorTitles":["Elevator Simulation Logic","B. Request Management"],"fullName":"Elevator Simulation Logic B. Request Management TC10: Car Call Toggle - Should add and remove target floors when toggled","status":"passed","title":"TC10: Car Call Toggle - Should add and remove target floors when toggled","duration":0.47816599999998743,"failureMessages":[],"location":{"line":100,"column":5},"meta":{}},{"ancestorTitles":["Elevator Simulation Logic","B. Request Management"],"fullName":"Elevator Simulation Logic B. Request Management TC11: Invalid Request - Should ignore or clamp invalid floor numbers","status":"passed","title":"TC11: Invalid Request - Should ignore or clamp invalid floor numbers","duration":0.0538330000000542,"failureMessages":[],"location":{"line":112,"column":5},"meta":{}},{"ancestorTitles":["Elevator Simulation Logic","B. Request Management"],"fullName":"Elevator Simulation Logic B. Request Management TC12: Multi-Request - Should handle simultaneous UP and DOWN requests correctly","status":"passed","title":"TC12: Multi-Request - Should handle simultaneous UP and DOWN requests correctly","duration":0.17266600000004928,"failureMessages":[],"location":{"line":118,"column":5},"meta":{}},{"ancestorTitles":["Elevator Simulation Logic","C. Dispatching: Normal Mode"],"fullName":"Elevator Simulation Logic C. Dispatching: Normal Mode TC14: Nearest Neighbor - Should assign request to the closest available elevator","status":"passed","title":"TC14: Nearest Neighbor - Should assign request to the closest available elevator","duration":0.17099999999993543,"failureMessages":[],"location":{"line":131,"column":5},"meta":{}},{"ancestorTitles":["Elevator Simulation Logic","C. Dispatching: Normal Mode"],"fullName":"Elevator Simulation Logic C. Dispatching: Normal Mode TC15: Piggybacking UP - Moving elevator should pick up compatible UP call on its path","status":"passed","title":"TC15: Piggybacking UP - Moving elevator should pick up compatible UP call on its path","duration":0.3209590000000162,"failureMessages":[],"location":{"line":145,"column":5},"meta":{}},{"ancestorTitles":["Elevator Simulation Logic","C. Dispatching: Normal Mode"],"fullName":"Elevator Simulation Logic C. Dispatching: Normal Mode TC17: Direction Priority - Elevator moving UP should ignore incompatible DOWN call (assign to Idle)","status":"passed","title":"TC17: Direction Priority - Elevator moving UP should ignore incompatible DOWN call (assign to Idle)","duration":0.4352079999999887,"failureMessages":[],"location":{"line":158,"column":5},"meta":{}},{"ancestorTitles":["Elevator Simulation Logic","C. Dispatching: Normal Mode"],"fullName":"Elevator Simulation Logic C. Dispatching: Normal Mode TC18: Target Sorting - Should sort targets based on current direction (Up=Ascending)","status":"passed","title":"TC18: Target Sorting - Should sort targets based on current direction (Up=Ascending)","duration":0.15545899999995072,"failureMessages":[],"location":{"line":174,"column":5},"meta":{}},{"ancestorTitles":["Elevator Simulation Logic","C. Dispatching: Normal Mode"],"fullName":"Elevator Simulation Logic C. Dispatching: Normal Mode TC19: Dual Direction - Normal mode should assign two different elevators for UP and DOWN at same floor","status":"passed","title":"TC19: Dual Direction - Normal mode should assign two different elevators for UP and DOWN at same floor","duration":0.2077920000000404,"failureMessages":[],"location":{"line":185,"column":5},"meta":{}},{"ancestorTitles":["Elevator Simulation Logic","D. Dispatching: Eco Mode"],"fullName":"Elevator Simulation Logic D. Dispatching: Eco Mode TC23: Idle Preservation - Should NOT wake an idle elevator if an active one can eventually serve","status":"passed","title":"TC23: Idle Preservation - Should NOT wake an idle elevator if an active one can eventually serve","duration":0.11883399999999256,"failureMessages":[],"location":{"line":211,"column":5},"meta":{}},{"ancestorTitles":["Elevator Simulation Logic","D. Dispatching: Eco Mode"],"fullName":"Elevator Simulation Logic D. Dispatching: Eco Mode TC26: Zero Idle Power - Idle elevators should consume zero power","status":"passed","title":"TC26: Zero Idle Power - Idle elevators should consume zero power","duration":0.08970899999997073,"failureMessages":[],"location":{"line":233,"column":5},"meta":{}},{"ancestorTitles":["Elevator Simulation Logic","D. Dispatching: Eco Mode"],"fullName":"Elevator Simulation Logic D. Dispatching: Eco Mode TC28: Efficiency Metric - Eco Mode should consume less power than Normal Mode for same trip","status":"passed","title":"TC28: Efficiency Metric - Eco Mode should consume less power than Normal Mode for same trip","duration":0.4612090000000535,"failureMessages":[],"location":{"line":240,"column":5},"meta":{}},{"ancestorTitles":["Elevator Simulation Logic","E. Dispatching: Power Mode"],"fullName":"Elevator Simulation Logic E. Dispatching: Power Mode TC29: Turbo Speed - Elevator should jump floors when moving large distances","status":"passed","title":"TC29: Turbo Speed - Elevator should jump floors when moving large distances","duration":0.09074999999995725,"failureMessages":[],"location":{"line":258,"column":5},"meta":{}},{"ancestorTitles":["Elevator Simulation Logic","E. Dispatching: Power Mode"],"fullName":"Elevator Simulation Logic E. Dispatching: Power Mode TC30: Destination Clamping - Should NOT jump past the target floor","status":"passed","title":"TC30: Destination Clamping - Should NOT jump past the target floor","duration":0.04554200000006858,"failureMessages":[],"location":{"line":266,"column":5},"meta":{}},{"ancestorTitles":["Elevator Simulation Logic","E. Dispatching: Power Mode"],"fullName":"Elevator Simulation Logic E. Dispatching: Power Mode TC31: Aggressive Dispatch - Should dispatch nearest Idle elevator immediately to minimize wait","status":"passed","title":"TC31: Aggressive Dispatch - Should dispatch nearest Idle elevator immediately to minimize wait","duration":0.0887920000000122,"failureMessages":[],"location":{"line":275,"column":5},"meta":{}},{"ancestorTitles":["Elevator Simulation Logic","F. Movement & Door Physics"],"fullName":"Elevator Simulation Logic F. Movement & Door Physics TC34: Door Cycle - Should progress from Closed -> Opening -> Open","status":"passed","title":"TC34: Door Cycle - Should progress from Closed -> Opening -> Open","duration":0.10391699999991033,"failureMessages":[],"location":{"line":294,"column":5},"meta":{}},{"ancestorTitles":["Elevator Simulation Logic","F. Movement & Door Physics"],"fullName":"Elevator Simulation Logic F. Movement & Door Physics TC36: Hover Behavior - Doors should remain Open indefinitely when hovered","status":"passed","title":"TC36: Hover Behavior - Doors should remain Open indefinitely when hovered","duration":0.1039579999999205,"failureMessages":[],"location":{"line":305,"column":5},"meta":{}},{"ancestorTitles":["Elevator Simulation Logic","F. Movement & Door Physics"],"fullName":"Elevator Simulation Logic F. Movement & Door Physics TC38: Re-Open Logic - Doors should revert to Opening if a request arrives while Closing","status":"passed","title":"TC38: Re-Open Logic - Doors should revert to Opening if a request arrives while Closing","duration":0.11616699999990487,"failureMessages":[],"location":{"line":318,"column":5},"meta":{}},{"ancestorTitles":["Elevator Simulation Logic","G. Direction Compatibility"],"fullName":"Elevator Simulation Logic G. Direction Compatibility TC41: Strict Direction (UP) - Should serve UP call but keep incompatible DOWN call active","status":"passed","title":"TC41: Strict Direction (UP) - Should serve UP call but keep incompatible DOWN call active","duration":0.16591600000003837,"failureMessages":[],"location":{"line":331,"column":5},"meta":{}},{"ancestorTitles":["Elevator Simulation Logic","G. Direction Compatibility"],"fullName":"Elevator Simulation Logic G. Direction Compatibility TC42: Strict Direction (DOWN) - Should serve DOWN call but keep incompatible UP call active","status":"passed","title":"TC42: Strict Direction (DOWN) - Should serve DOWN call but keep incompatible UP call active","duration":0.14304100000003928,"failureMessages":[],"location":{"line":360,"column":5},"meta":{}},{"ancestorTitles":["Elevator Simulation Logic","G. Direction Compatibility"],"fullName":"Elevator Simulation Logic G. Direction Compatibility TC43: Idle Service - Idle elevator should serve both directions at same floor","status":"passed","title":"TC43: Idle Service - Idle elevator should serve both directions at same floor","duration":0.08837499999992815,"failureMessages":[],"location":{"line":387,"column":5},"meta":{}},{"ancestorTitles":["Elevator Simulation Logic","G. Direction Compatibility"],"fullName":"Elevator Simulation Logic G. Direction Compatibility TC_Neg_01 (Eco): Negative Scenario - Wrong direction call should be ignored and Idle elevator preserved","status":"passed","title":"TC_Neg_01 (Eco): Negative Scenario - Wrong direction call should be ignored and Idle elevator preserved","duration":0.13583300000004783,"failureMessages":[],"location":{"line":405,"column":5},"meta":{}},{"ancestorTitles":["Elevator Simulation Logic","H. Metrics & Logging"],"fullName":"Elevator Simulation Logic H. Metrics & Logging TC46: Wait Time - Should calculate non-zero wait time for served requests","status":"passed","title":"TC46: Wait Time - Should calculate non-zero wait time for served requests","duration":0.0875420000000986,"failureMessages":[],"location":{"line":434,"column":5},"meta":{}},{"ancestorTitles":["Elevator Simulation Logic","H. Metrics & Logging"],"fullName":"Elevator Simulation Logic H. Metrics & Logging TC48: Total Requests - Should correctly increment total requests count","status":"passed","title":"TC48: Total Requests - Should correctly increment total requests count","duration":0.13191699999993034,"failureMessages":[],"location":{"line":444,"column":5},"meta":{}},{"ancestorTitles":["Elevator Simulation Logic","H. Metrics & Logging"],"fullName":"Elevator Simulation Logic H. Metrics & Logging TC49: Travel Log - Should record floors visited in correct sequence","status":"passed","title":"TC49: Travel Log - Should record floors visited in correct sequence","duration":0.14541699999995217,"failureMessages":[],"location":{"line":451,"column":5},"meta":{}}],"startTime":1770707812691,"endTime":1770707812699.166,"status":"passed","message":"","name":"/Volumes/Code/elevator-simulator/src/simulation.test.ts"},{"assertionResults":[{"ancestorTitles":["UI Components","ControlPanel"],"fullName":"UI Components ControlPanel TC.UI.06: Control Panel Inputs - Should render config inputs and call onChange","status":"passed","title":"TC.UI.06: Control Panel Inputs - Should render config inputs and call onChange","duration":27.675333000000137,"failureMessages":[],"location":{"line":33,"column":9},"meta":{}},{"ancestorTitles":["UI Components","ControlPanel"],"fullName":"UI Components ControlPanel TC.UI.07: Start/Pause/Reset Controls - Should trigger correct callbacks","status":"passed","title":"TC.UI.07: Start/Pause/Reset Controls - Should trigger correct callbacks","duration":9.406499999999596,"failureMessages":[],"location":{"line":56,"column":9},"meta":{}},{"ancestorTitles":["UI Components","MetricsPanel"],"fullName":"UI Components MetricsPanel TC.INT.03: Real-time Metrics - Should display formatted metrics","status":"passed","title":"TC.INT.03: Real-time Metrics - Should display formatted metrics","duration":2.1585839999997916,"failureMessages":[],"location":{"line":97,"column":9},"meta":{}},{"ancestorTitles":["Integration Tests (App)"],"fullName":"Integration Tests (App) TC.UI.01 & TC.INT.01: App Rendering & Tick Loop","status":"passed","title":"TC.UI.01 & TC.INT.01: App Rendering & Tick Loop","duration":85.3790839999997,"failureMessages":[],"location":{"line":114,"column":5},"meta":{}},{"ancestorTitles":["Integration Tests (App)"],"fullName":"Integration Tests (App) TC.E2E.01: Full User Journey - Navigation","status":"passed","title":"TC.E2E.01: Full User Journey - Navigation","duration":164.94779100000005,"failureMessages":[],"location":{"line":141,"column":5},"meta":{}}],"startTime":1770707812155,"endTime":1770707812444.9478,"status":"passed","message":"","name":"/Volumes/Code/elevator-simulator/src/ui.test.tsx"},{"assertionResults":[{"ancestorTitles":["DebugModal Component"],"fullName":"DebugModal Component TC.UI.08: should render modal when isOpen is true","status":"passed","title":"TC.UI.08: should render modal when isOpen is true","duration":234.19008299999996,"failureMessages":[],"location":{"line":14,"column":5},"meta":{}},{"ancestorTitles":["DebugModal Component"],"fullName":"DebugModal Component should not render modal when isOpen is false","status":"passed","title":"should not render modal when isOpen is false","duration":1.055333000000246,"failureMessages":[],"location":{"line":27,"column":5},"meta":{}},{"ancestorTitles":["DebugModal Component"],"fullName":"DebugModal Component TC.UI.09: should call onClose when close button is clicked","status":"passed","title":"TC.UI.09: should call onClose when close button is clicked","duration":8.334499999999935,"failureMessages":[],"location":{"line":40,"column":5},"meta":{}},{"ancestorTitles":["DebugModal Component"],"fullName":"DebugModal Component TC.UI.10: should copy logs to clipboard when copy button is clicked","status":"passed","title":"TC.UI.10: should copy logs to clipboard when copy button is clicked","duration":173.50479200000018,"failureMessages":[],"location":{"line":57,"column":5},"meta":{}},{"ancestorTitles":["DebugModal Component"],"fullName":"DebugModal Component TC.UI.11: should show \"Copied!\" feedback and revert after 2 seconds","status":"passed","title":"TC.UI.11: should show \"Copied!\" feedback and revert after 2 seconds","duration":20.057624999999916,"failureMessages":[],"location":{"line":82,"column":5},"meta":{}},{"ancestorTitles":["DebugModal Component"],"fullName":"DebugModal Component TC.UI.12: should display logs as formatted JSON","status":"passed","title":"TC.UI.12: should display logs as formatted JSON","duration":4.022667000000183,"failureMessages":[],"location":{"line":122,"column":5},"meta":{}},{"ancestorTitles":["DebugModal Component"],"fullName":"DebugModal Component TC.UI.13: should display correct entry count in footer","status":"passed","title":"TC.UI.13: should display correct entry count in footer","duration":6.9017909999997755,"failureMessages":[],"location":{"line":141,"column":5},"meta":{}},{"ancestorTitles":["DebugModal Component"],"fullName":"DebugModal Component should display correct count for empty logs","status":"passed","title":"should display correct count for empty logs","duration":4.17470800000001,"failureMessages":[],"location":{"line":153,"column":5},"meta":{}},{"ancestorTitles":["DebugModal Component"],"fullName":"DebugModal Component should display correct count for single log","status":"passed","title":"should display correct count for single log","duration":5.50241700000015,"failureMessages":[],"location":{"line":165,"column":5},"meta":{}}],"startTime":1770707811500,"endTime":1770707811960.5024,"status":"passed","message":"","name":"/Volumes/Code/elevator-simulator/src/components/DebugModal.test.tsx"},{"assertionResults":[{"ancestorTitles":["ElevatorCar Component"],"fullName":"ElevatorCar Component TC.UI.14: should render car with correct ID and direction symbol","status":"passed","title":"TC.UI.14: should render car with correct ID and direction symbol","duration":54.4248749999997,"failureMessages":[],"location":{"line":32,"column":5},"meta":{}},{"ancestorTitles":["ElevatorCar Component"],"fullName":"ElevatorCar Component should show down arrow for down direction","status":"passed","title":"should show down arrow for down direction","duration":79.94645899999978,"failureMessages":[],"location":{"line":39,"column":5},"meta":{}},{"ancestorTitles":["ElevatorCar Component"],"fullName":"ElevatorCar Component should show dot for idle direction","status":"passed","title":"should show dot for idle direction","duration":28.823209000000134,"failureMessages":[],"location":{"line":46,"column":5},"meta":{}},{"ancestorTitles":["ElevatorCar Component"],"fullName":"ElevatorCar Component TC.UI.15: should calculate correct translateY based on currentFloor","status":"passed","title":"TC.UI.15: should calculate correct translateY based on currentFloor","duration":82.55854200000022,"failureMessages":[],"location":{"line":54,"column":5},"meta":{}},{"ancestorTitles":["ElevatorCar Component"],"fullName":"ElevatorCar Component should calculate correct height based on maxFloor","status":"passed","title":"should calculate correct height based on maxFloor","duration":12.31775000000016,"failureMessages":[],"location":{"line":63,"column":5},"meta":{}},{"ancestorTitles":["ElevatorCar Component"],"fullName":"ElevatorCar Component TC.UI.16: should apply correct door classes based on doorState","status":"passed","title":"TC.UI.16: should apply correct door classes based on doorState","duration":3.17245899999989,"failureMessages":[],"location":{"line":73,"column":5},"meta":{}},{"ancestorTitles":["ElevatorCar Component"],"fullName":"ElevatorCar Component TC.UI.17: should apply interior color","status":"passed","title":"TC.UI.17: should apply interior color","duration":37.881167000000005,"failureMessages":[],"location":{"line":87,"column":5},"meta":{}},{"ancestorTitles":["ElevatorCar Component"],"fullName":"ElevatorCar Component TC.UI.18: should show Select button when doors are open","status":"passed","title":"TC.UI.18: should show Select button when doors are open","duration":1.6945409999998446,"failureMessages":[],"location":{"line":95,"column":5},"meta":{}},{"ancestorTitles":["ElevatorCar Component"],"fullName":"ElevatorCar Component should show Select button when doors are opening","status":"passed","title":"should show Select button when doors are opening","duration":1.6319579999999405,"failureMessages":[],"location":{"line":102,"column":5},"meta":{}},{"ancestorTitles":["ElevatorCar Component"],"fullName":"ElevatorCar Component should not show Select button when doors are closed","status":"passed","title":"should not show Select button when doors are closed","duration":1.1007910000002994,"failureMessages":[],"location":{"line":109,"column":5},"meta":{}},{"ancestorTitles":["ElevatorCar Component"],"fullName":"ElevatorCar Component should not show Select button when popover is open","status":"passed","title":"should not show Select button when popover is open","duration":2.3838330000003225,"failureMessages":[],"location":{"line":115,"column":5},"meta":{}},{"ancestorTitles":["ElevatorCar Component"],"fullName":"ElevatorCar Component TC.UI.19: should call onOpenCarPanel when Select button is clicked","status":"passed","title":"TC.UI.19: should call onOpenCarPanel when Select button is clicked","duration":8.046332999999777,"failureMessages":[],"location":{"line":123,"column":5},"meta":{}},{"ancestorTitles":["ElevatorCar Component"],"fullName":"ElevatorCar Component should render car panel popover when isPopoverOpen is true","status":"passed","title":"should render car panel popover when isPopoverOpen is true","duration":5.005959000000075,"failureMessages":[],"location":{"line":134,"column":5},"meta":{}},{"ancestorTitles":["ElevatorCar Component"],"fullName":"ElevatorCar Component TC.UI.20: should call onCarCall when floor button is clicked in popover","status":"passed","title":"TC.UI.20: should call onCarCall when floor button is clicked in popover","duration":2.526499999999942,"failureMessages":[],"location":{"line":145,"column":5},"meta":{}},{"ancestorTitles":["ElevatorCar Component"],"fullName":"ElevatorCar Component TC.UI.21: should highlight active floors in popover","status":"passed","title":"TC.UI.21: should highlight active floors in popover","duration":2.650583000000097,"failureMessages":[],"location":{"line":157,"column":5},"meta":{}},{"ancestorTitles":["ElevatorCar Component"],"fullName":"ElevatorCar Component TC.UI.22: should disable current floor button in popover","status":"passed","title":"TC.UI.22: should disable current floor button in popover","duration":1.975416000000223,"failureMessages":[],"location":{"line":171,"column":5},"meta":{}},{"ancestorTitles":["ElevatorCar Component"],"fullName":"ElevatorCar Component TC.UI.23: should call onElevatorHover on mouse enter","status":"passed","title":"TC.UI.23: should call onElevatorHover on mouse enter","duration":1.4956660000002557,"failureMessages":[],"location":{"line":180,"column":5},"meta":{}},{"ancestorTitles":["ElevatorCar Component"],"fullName":"ElevatorCar Component should call onElevatorHover on mouse leave","status":"passed","title":"should call onElevatorHover on mouse leave","duration":1.2035829999999805,"failureMessages":[],"location":{"line":190,"column":5},"meta":{}},{"ancestorTitles":["ElevatorCar Component"],"fullName":"ElevatorCar Component should use lastDirection when direction is idle","status":"passed","title":"should use lastDirection when direction is idle","duration":0.851582999999664,"failureMessages":[],"location":{"line":200,"column":5},"meta":{}}],"startTime":1770707811809,"endTime":1770707812148.8516,"status":"passed","message":"","name":"/Volumes/Code/elevator-simulator/src/components/ElevatorCar.test.tsx"},{"assertionResults":[{"ancestorTitles":["FloorControls Component"],"fullName":"FloorControls Component TC.UI.24: should render floor label and buttons","status":"passed","title":"TC.UI.24: should render floor label and buttons","duration":48.612708999999995,"failureMessages":[],"location":{"line":16,"column":5},"meta":{}},{"ancestorTitles":["FloorControls Component"],"fullName":"FloorControls Component TC.UI.25: should call onHallCall with \"up\" when UP button clicked","status":"passed","title":"TC.UI.25: should call onHallCall with \"up\" when UP button clicked","duration":11.42987499999981,"failureMessages":[],"location":{"line":35,"column":5},"meta":{}},{"ancestorTitles":["FloorControls Component"],"fullName":"FloorControls Component TC.UI.26: should call onHallCall with \"down\" when DOWN button clicked","status":"passed","title":"TC.UI.26: should call onHallCall with \"down\" when DOWN button clicked","duration":2.326791999999841,"failureMessages":[],"location":{"line":55,"column":5},"meta":{}},{"ancestorTitles":["FloorControls Component"],"fullName":"FloorControls Component TC.UI.27: should apply active class when UP request is pending","status":"passed","title":"TC.UI.27: should apply active class when UP request is pending","duration":3.2487080000000788,"failureMessages":[],"location":{"line":75,"column":5},"meta":{}},{"ancestorTitles":["FloorControls Component"],"fullName":"FloorControls Component should apply active class when DOWN request is pending","status":"passed","title":"should apply active class when DOWN request is pending","duration":3.657915999999659,"failureMessages":[],"location":{"line":98,"column":5},"meta":{}},{"ancestorTitles":["FloorControls Component"],"fullName":"FloorControls Component should apply active class when request is in activeRequests","status":"passed","title":"should apply active class when request is in activeRequests","duration":1.3742499999998472,"failureMessages":[],"location":{"line":121,"column":5},"meta":{}},{"ancestorTitles":["FloorControls Component"],"fullName":"FloorControls Component TC.UI.28: should disable UP button on top floor","status":"passed","title":"TC.UI.28: should disable UP button on top floor","duration":37.66841699999986,"failureMessages":[],"location":{"line":146,"column":5},"meta":{}},{"ancestorTitles":["FloorControls Component"],"fullName":"FloorControls Component TC.UI.29: should disable DOWN button on floor 1","status":"passed","title":"TC.UI.29: should disable DOWN button on floor 1","duration":7.648790999999619,"failureMessages":[],"location":{"line":164,"column":5},"meta":{}},{"ancestorTitles":["FloorControls Component"],"fullName":"FloorControls Component should enable both buttons on middle floors","status":"passed","title":"should enable both buttons on middle floors","duration":14.111666000000241,"failureMessages":[],"location":{"line":181,"column":5},"meta":{}}],"startTime":1770707811600,"endTime":1770707811730.1116,"status":"passed","message":"","name":"/Volumes/Code/elevator-simulator/src/components/FloorControls.test.tsx"},{"assertionResults":[{"ancestorTitles":["useCarPanel Hook"],"fullName":"useCarPanel Hook TC.HOOK.01: should set elevatorId when handleOpenCarPanel is called","status":"passed","title":"TC.HOOK.01: should set elevatorId when handleOpenCarPanel is called","duration":8.448667,"failureMessages":[],"location":{"line":33,"column":5},"meta":{}},{"ancestorTitles":["useCarPanel Hook"],"fullName":"useCarPanel Hook TC.HOOK.02: should clear elevatorId when closeCarPanel is called","status":"passed","title":"TC.HOOK.02: should clear elevatorId when closeCarPanel is called","duration":2.245832999999948,"failureMessages":[],"location":{"line":46,"column":5},"meta":{}},{"ancestorTitles":["useCarPanel Hook"],"fullName":"useCarPanel Hook TC.HOOK.03: should clear existing timeout when opening new panel","status":"passed","title":"TC.HOOK.03: should clear existing timeout when opening new panel","duration":1.8216670000000477,"failureMessages":[],"location":{"line":63,"column":5},"meta":{}},{"ancestorTitles":["useCarPanel Hook"],"fullName":"useCarPanel Hook TC.HOOK.04: should call setState when handleCarCall is invoked","status":"passed","title":"TC.HOOK.04: should call setState when handleCarCall is invoked","duration":1.729208999999969,"failureMessages":[],"location":{"line":78,"column":5},"meta":{}},{"ancestorTitles":["useCarPanel Hook"],"fullName":"useCarPanel Hook TC.HOOK.05: should auto-close panel after 2 seconds when car call is made","status":"passed","title":"TC.HOOK.05: should auto-close panel after 2 seconds when car call is made","duration":1.8767500000000155,"failureMessages":[],"location":{"line":89,"column":5},"meta":{}},{"ancestorTitles":["useCarPanel Hook"],"fullName":"useCarPanel Hook TC.HOOK.06: should clear timeout when closeCarPanel is called","status":"passed","title":"TC.HOOK.06: should clear timeout when closeCarPanel is called","duration":1.495916999999963,"failureMessages":[],"location":{"line":115,"column":5},"meta":{}},{"ancestorTitles":["useCarPanel Hook"],"fullName":"useCarPanel Hook should clear timeout on multiple car calls","status":"passed","title":"should clear timeout on multiple car calls","duration":1.4421250000000327,"failureMessages":[],"location":{"line":141,"column":5},"meta":{}}],"startTime":1770707812763,"endTime":1770707812781.4421,"status":"passed","message":"","name":"/Volumes/Code/elevator-simulator/src/hooks/useCarPanel.test.ts"},{"assertionResults":[{"ancestorTitles":["useSimulationControls Hook"],"fullName":"useSimulationControls Hook TC.HOOK.07: should set running=true when handleStart is called","status":"passed","title":"TC.HOOK.07: should set running=true when handleStart is called","duration":15.907083000000057,"failureMessages":[],"location":{"line":34,"column":5},"meta":{}},{"ancestorTitles":["useSimulationControls Hook"],"fullName":"useSimulationControls Hook TC.HOOK.08: should set running=false when handlePause is called","status":"passed","title":"TC.HOOK.08: should set running=false when handlePause is called","duration":2.789459000000079,"failureMessages":[],"location":{"line":52,"column":5},"meta":{}},{"ancestorTitles":["useSimulationControls Hook"],"fullName":"useSimulationControls Hook TC.HOOK.09: should create initial state when handleReset is called","status":"passed","title":"TC.HOOK.09: should create initial state when handleReset is called","duration":1.854291000000103,"failureMessages":[],"location":{"line":70,"column":5},"meta":{}},{"ancestorTitles":["useSimulationControls Hook"],"fullName":"useSimulationControls Hook TC.HOOK.10: should update config and reset state when handleConfigChange is called","status":"passed","title":"TC.HOOK.10: should update config and reset state when handleConfigChange is called","duration":3.861041000000114,"failureMessages":[],"location":{"line":91,"column":5},"meta":{}},{"ancestorTitles":["useSimulationControls Hook"],"fullName":"useSimulationControls Hook TC.HOOK.11: should call tickSimulation at regular intervals when running","status":"passed","title":"TC.HOOK.11: should call tickSimulation at regular intervals when running","duration":6.026792000000114,"failureMessages":[],"location":{"line":115,"column":5},"meta":{}},{"ancestorTitles":["useSimulationControls Hook"],"fullName":"useSimulationControls Hook should not call tickSimulation when not running","status":"passed","title":"should not call tickSimulation when not running","duration":13.939833999999792,"failureMessages":[],"location":{"line":134,"column":5},"meta":{}},{"ancestorTitles":["useSimulationControls Hook"],"fullName":"useSimulationControls Hook TC.HOOK.12: should clear interval on unmount","status":"passed","title":"TC.HOOK.12: should clear interval on unmount","duration":24.500750000000153,"failureMessages":[],"location":{"line":154,"column":5},"meta":{}},{"ancestorTitles":["useSimulationControls Hook"],"fullName":"useSimulationControls Hook should recreate interval when tickDurationMs changes","status":"passed","title":"should recreate interval when tickDurationMs changes","duration":31.407874999999876,"failureMessages":[],"location":{"line":167,"column":5},"meta":{}},{"ancestorTitles":["useSimulationControls Hook"],"fullName":"useSimulationControls Hook should use refs to avoid stale closures","status":"passed","title":"should use refs to avoid stale closures","duration":2.3237919999996848,"failureMessages":[],"location":{"line":196,"column":5},"meta":{}}],"startTime":1770707811584,"endTime":1770707811687.3237,"status":"passed","message":"","name":"/Volumes/Code/elevator-simulator/src/hooks/useSimulationControls.test.ts"}]}